2023-04-13 12:13:02 INFO [20129:server_epoll2.c:113] zlog get category successfully
2023-04-13 12:20:00 INFO [21736:server_epoll2.c:113] zlog get category successfully
2023-04-13 12:20:00 INFO [21736:server_epoll2.c:120] server start to listen on the port[8809]
2023-04-13 12:20:05 INFO [21736:server_epoll2.c:178] epoll add client socket[5] successfully
2023-04-13 12:20:05 INFO [21736:server_epoll2.c:193] socket[5] read get 69 bytes data
2023-04-13 12:20:14 INFO [21736:server_epoll2.c:178] epoll add client socket[6] successfully
2023-04-13 12:20:14 INFO [21736:server_epoll2.c:193] socket[6] read get 69 bytes data
2023-04-13 12:20:24 ERROR [21736:server_epoll2.c:184] socket[6] read failure or get disconnect and will be removed
2023-04-13 12:20:24 ERROR [21736:server_epoll2.c:184] socket[5] read failure or get disconnect and will be removed
2023-04-13 12:24:00 ERROR [21736:server_epoll2.c:143] epoll failure:Interrupted system call
2023-04-13 12:27:33 INFO [23654:server_epoll2.c:113] zlog get category successfully
2023-04-13 12:27:33 INFO [23654:server_epoll2.c:120] server start to listen on the port[8809]
2023-04-13 12:27:40 INFO [23654:server_epoll2.c:178] epoll add client socket[5] successfully
2023-04-13 12:27:40 INFO [23654:server_epoll2.c:193] socket[5] read get 69 bytes data
2023-04-13 12:27:49 INFO [23654:server_epoll2.c:178] epoll add client socket[6] successfully
2023-04-13 12:27:49 INFO [23654:server_epoll2.c:193] socket[6] read get 69 bytes data
2023-04-13 12:27:59 ERROR [23654:server_epoll2.c:184] socket[6] read failure or get disconnect and will be removed
2023-04-13 12:27:59 ERROR [23654:server_epoll2.c:184] socket[5] read failure or get disconnect and will be removed
2023-04-13 12:28:17 ERROR [23654:server_epoll2.c:143] epoll failure:Interrupted system call
2023-04-13 12:30:22 INFO [24374:server_epoll2.c:113] zlog get category successfully
2023-04-13 12:30:22 INFO [24374:server_epoll2.c:120] server start to listen on the port[8809]
2023-04-13 12:30:22 INFO [24374:server_epoll2.c:178] epoll add client socket[5] successfully
2023-04-13 12:30:22 INFO [24374:server_epoll2.c:193] socket[5] read get 69 bytes data
2023-04-13 12:30:24 ERROR [24374:server_epoll2.c:184] socket[5] read failure or get disconnect and will be removed
2023-04-13 12:30:36 INFO [24374:server_epoll2.c:178] epoll add client socket[5] successfully
2023-04-13 12:30:36 INFO [24374:server_epoll2.c:193] socket[5] read get 69 bytes data
2023-04-13 12:30:45 INFO [24374:server_epoll2.c:178] epoll add client socket[6] successfully
2023-04-13 12:30:45 INFO [24374:server_epoll2.c:193] socket[6] read get 69 bytes data
2023-04-13 12:30:55 ERROR [24374:server_epoll2.c:184] socket[6] read failure or get disconnect and will be removed
2023-04-13 12:30:55 ERROR [24374:server_epoll2.c:184] socket[5] read failure or get disconnect and will be removed
2023-04-13 12:31:07 ERROR [24374:server_epoll2.c:143] epoll failure:Interrupted system call
2023-04-13 12:32:26 INFO [24899:server_epoll2.c:113] zlog get category successfully
2023-04-13 12:32:26 INFO [24899:server_epoll2.c:120] server start to listen on the port[8809]
2023-04-13 12:32:33 INFO [24899:server_epoll2.c:178] epoll add client socket[5] successfully
2023-04-13 12:32:33 INFO [24899:server_epoll2.c:193] socket[5] read get 69 bytes data
2023-04-13 12:32:42 INFO [24899:server_epoll2.c:178] epoll add client socket[6] successfully
2023-04-13 12:32:42 INFO [24899:server_epoll2.c:193] socket[6] read get 69 bytes data
2023-04-13 12:32:52 ERROR [24899:server_epoll2.c:184] socket[6] read failure or get disconnect and will be removed
2023-04-13 12:32:52 ERROR [24899:server_epoll2.c:184] socket[5] read failure or get disconnect and will be removed
